CPU info:
Architecture:          x86_64
CPU op-mode(s):        32-bit, 64-bit
Byte Order:            Little Endian
CPU(s):                4
On-line CPU(s) list:   0-3
Thread(s) per core:    1
Core(s) per socket:    4
Socket(s):             1
NUMA node(s):          1
Vendor ID:             GenuineIntel
CPU family:            15
Model:                 6
Model name:            Common KVM processor
Stepping:              1
CPU MHz:               2666.760
BogoMIPS:              5333.52
Hypervisor vendor:     KVM
Virtualization type:   full
L1d cache:             32K
L1i cache:             32K
L2 cache:              4096K
L3 cache:              16384K
NUMA node0 CPU(s):     0-3
Flags:                 fpu vme de pse tsc msr pae mce cx8 apic sep mtrr pge mca cmov pat pse36 clflush mmx fxsr sse sse2 ht syscall nx lm constant_tsc nopl xtopology eagerfpu pni cx16 x2apic hypervisor lahf_lm


Memory:
              total        used        free      shared  buff/cache   available
Mem:        7910552      403944     5578192       58224     1928416     7080740
Swap:       6713340           0     6713340


Storage:
Filesystem                    Size  Used Avail Use% Mounted on
/dev/mapper/VolGroup-lv_root   61G  4.0G   57G   7% /
