python-srpm-macros-3-22.el7.noarch 1532612480 3789 68f9fe45132ddfcd9a9db908a677d564 installed
python2-rpm-macros-3-22.el7.noarch 1532612480 1495 346ab939dffc2ef36c87f35fe74a5f85 installed
tzdata-2018i-1.el7.noarch 1546979133 2007607 d85d7853af12b5daefb67cb6fadb8c15 installed
chkconfig-1.7.4-1.el7.x86_64 1501854351 779531 e126177e9ac5841deca96f4e15340613 installed
ncurses-5.9-14.20130511.el7_4.x86_64 1504735709 439378 8ca93e2831102818759a22e22e871268 installed
setup-2.8.71-10.el7.noarch 1540928891 696893 df4a32b192e93cc82ed77e10d204ce98 installed
basesystem-10.0-7.el7.centos.noarch 1403865430 0 778eb3d19a934f42d1354ed795d06b4f installed
zlib-1.2.7-18.el7.x86_64 1540931080 185294 063a85f8271de9b41e9ac9657962e3ec installed
nss-util-3.36.0-1.el7_5.x86_64 1526428153 194944 ecf6d738049e13862a8cf2a151b78bb5 installed
ncurses-libs-5.9-14.20130511.el7_4.x86_64 1504735709 1028216 bba677eda5184b5127b7817d2c1dec12 installed
gmp-1:6.0.0-15.el7.x86_64 1501722795 657046 4cd60ebf94766a46c590e17036ece777 installed
libattr-2.4.46-13.el7.x86_64 1523407244 19896 209b05c7b77a33a4cc176077945833e8 installed
libcap-2.22-9.el7.x86_64 1501701479 111445 b4cc4b26a62dbbd66143755c54a59938 installed
libsepol-2.5-10.el7.x86_64 1540935375 686640 cb2c225685a559d68fdb0e07f9b488a2 installed
gawk-4.0.2-4.el7_3.1.x86_64 1498686770 2435978 5efa8feaeb12d57cda1a9bcd9c8af917 installed
libselinux-2.5-14.1.el7.x86_64 1540935786 217874 36462311e16b3aafc9f29bbaa00bfb6e installed
grep-2.20-3.el7.x86_64 1501743524 1195131 92bc957d1c4fc3764e134d8f82544abe installed
libverto-0.2.5-4.el7.x86_64 1402386261 23060 341bae036f22ce087486f4d9e180caee installed
p11-kit-trust-0.23.5-3.el7.x86_64 1501889820 437261 2dc2f7ab212401098e8821ce23f21741 installed
keyutils-libs-1.5.8-3.el7.x86_64 1402366675 42138 e31fa37a714787d3d72e0a9316c3a85b installed
openssl-libs-1:1.0.2k-16.el7.x86_64 1540939437 3201084 761a2864d6e8fed2e612184009fa0d76 installed
centos-release-7-6.1810.2.el7.centos.x86_64 1542979018 41271 9f661612be55e8bb73f78163a41df816 installed
xz-libs-5.2.2-1.el7.x86_64 1478359687 239967 7701c542dc8fcd5a38ee52e8786d7cf4 installed
libdb-5.3.21-24.el7.x86_64 1523424717 1858008 24fdfda30ad8e1cc7ebc744eaf85eacf installed
libgpg-error-1.12-3.el7.x86_64 1402390008 350865 a3933d4ce43c07fa9305e8765d78d099 installed
lua-5.1.4-15.el7.x86_64 1478400455 640319 d5973eb7ca2bb665f5fbb7141f2e27a3 installed
mpfr-3.1.1-4.el7.x86_64 1402362714 554279 4cedb227fd4730529b0874792007692b installed
libblkid-2.23.2-59.el7.x86_64 1540939734 265973 1f215e7cf6a8a08fe16ff5c4edf0f68b installed
libmpc-1.0.1-3.el7.x86_64 1402343098 113833 835abbe42dbf1e0f94d227d54c01f483 installed
xz-5.2.2-1.el7.x86_64 1478359687 798130 3e6f05008f7af7931aa8257964527f1a installed
findutils-1:4.5.11-6.el7.x86_64 1540917834 1855882 162b03172dee0f90443197d424bc9be0 installed
diffutils-3.3-4.el7.x86_64 1402384041 1065157 d8c60275b4c6d54e8bf7ee19cf0c4f2b installed
expat-2.1.0-10.el7_3.x86_64 1480372020 208315 9c5fdceee3715ad8a1b3a9dd711d5b79 installed
audit-libs-2.8.4-4.el7.x86_64 1540932179 256362 a57039d27b473fc766688886d53ecce2 installed
libpwquality-1.2.3-5.el7.x86_64 1523419099 332421 e40a69f0a1803dfa3736aba2c8ea1fb4 installed
sqlite-3.7.17-8.el7.x86_64 1448009159 814231 0ceb9434c5a9d281399583087cfe889b installed
nss-sysinit-3.36.0-7.el7_5.x86_64 1537991665 14061 ace8226abffd1e928af6f4c62cdd450d installed
nss-pem-1.0.3-5.el7.x86_64 1540938481 205539 24d8ee5cd00822ebc0ceca3e9f0bb906 installed
lz4-1.7.5-2.el7.x86_64 1523408041 366872 89e45994eabac0ba4ccae7c1005ea06c installed
python-libs-2.7.5-76.el7.x86_64 1540944789 24713067 f7aa64ba20585799cc289eddc634d4d8 installed
nss-tools-3.36.0-7.el7_5.x86_64 1537991665 2069571 dfada2eb06ef6cccbdc69c711c59ae02 installed
cpp-4.8.5-36.el7.x86_64 1540882963 15653053 47916e535a4961e353e7e152c60025d0 installed
libdb-utils-5.3.21-24.el7.x86_64 1523424717 326487 d06077335f27858ecb06ad48fa2e812d installed
dwz-0.11-3.el7.x86_64 1402363547 225103 28a047bc76d0ad80e6938a94898129ca installed
glib2-2.56.1-2.el7.x86_64 1540940592 12166425 5ba70ca2db724338484aedc7f9d8a4b9 installed
pkgconfig-1:0.27.1-4.el7.x86_64 1402351548 105522 ef58117c9c617599952c0642ff5e8d00 installed
unzip-6.0-19.el7.x86_64 1523424293 373986 7a396b648ba0120404fe2ef171b79681 installed
zip-3.0-11.el7.x86_64 1478364595 815173 f49ae6270a053005b67e417123691ca7 installed
groff-base-1.22.2-8.el7.x86_64 1402345046 3453946 591d2a12420abc9fa9934414fc0987f4 installed
perl-HTTP-Tiny-0.033-3.el7.noarch 1402347217 97210 6133c7c1aee2bfeee269de4592b25884 installed
perl-Pod-Perldoc-3.20-4.el7.noarch 1402388270 166910 29a8a33b24ddf4e0e95ad8d2484cc277 installed
perl-Encode-2.51-7.el7.x86_64 1402368585 10176350 713ce27ff4434807ff7060b333ed8873 installed
perl-Pod-Usage-1.63-3.el7.noarch 1402390579 44671 1db34851ba13011739022f031438e15c installed
perl-macros-4:5.16.3-293.el7.x86_64 1540926204 5134 33ce221fe8eb2c733c489592dd06b033 installed
perl-Time-HiRes-4:1.9725-3.el7.x86_64 1402343844 94069 43f7c93d02750221738a8c3bc845a1ca installed
perl-Storable-2.45-3.el7.x86_64 1402367398 181031 25787b4b609f3ee50d1c7f33d29e0102 installed
perl-Filter-1.49-3.el7.x86_64 1402353954 148475 66b1205b2eef2a89137e530741ed3710 installed
perl-constant-1.27-2.el7.noarch 1402368682 26364 f3ecfa1ce48e13496322e341a3f0b72c installed
perl-threads-shared-1.43-6.el7.x86_64 1402380447 73972 cd3e1ec9dfe8b5e9121fcd53b41aa197 installed
perl-File-Path-2.09-2.el7.noarch 1402361289 50067 94d54ef6ce6893ae2a4400c4b0ce79b7 installed
perl-PathTools-3.40-5.el7.x86_64 1402373476 174131 c597987071b0f81a0029667e83e1ecae installed
perl-Getopt-Long-2.40-3.el7.noarch 1523406856 134846 e4fc3f2fed36897ae178ecd5d9475217 installed
perl-Thread-Queue-3.02-2.el7.noarch 1402347633 27642 29d052232cb1b86133bd838739672a15 installed
acl-2.2.51-14.el7.x86_64 1523407284 201225 885771078c3fe1efa43e3e5e0f2b5246 installed
libidn-1.28-4.el7.x86_64 1448125248 630407 3d582106ac1032c59c1cd4236e5d6415 installed
curl-7.29.0-51.el7.x86_64 1541351590 540293 2008575cc1fdf94eedba4e920908cb38 installed
rpm-4.11.3-35.el7.x86_64 1540927634 2622266 ba17adc338f442da8a4598244965e521 installed
libuser-0.60-9.el7.x86_64 1523558694 1952592 8fdd92e668b91208dfd916ebdce8a297 installed
libstdc++-devel-4.8.5-36.el7.x86_64 1540882963 8436804 ced633538d300663cfee80073650fe34 installed
ustr-1.0.4-16.el7.x86_64 1402344766 285943 58bb2ebb64b048e24a4c7d5d51170f55 installed
shadow-utils-2:4.1.5.1-25.el7.x86_64 1540917208 3540592 22c762981f93de691a7f74a7259a1906 installed
qrencode-libs-3.4.1-3.el7.x86_64 1402343131 126732 ac1de0c46bc1886e12ea80771951cde2 installed
json-c-0.11-4.el7_0.x86_64 1403612338 65593 62bcb642b82d3b3aeb99ba9ba1b40715 installed
procps-ng-3.3.10-23.el7.x86_64 1540918726 760565 b7dd3953621742926579dc26c71f5b52 installed
kpartx-0.4.9-123.el7.x86_64 1540939803 41363 aecde17836ffb541d265eeaeb9ebd1c8 installed
cryptsetup-libs-2.0.3-3.el7.x86_64 1540936977 1219591 61b5b318bfcd411aec021e25d9b76070 installed
kmod-20-23.el7.x86_64 1540940571 243559 99ea42add73605e4c070a5db69a5818c installed
systemd-libs-219-62.el7_6.2.x86_64 1547478651 1263544 72fd3621f18eca52ab6d8997edb84a05 installed
systemd-219-62.el7_6.2.x86_64 1547478651 24428855 ec594b51a4baad414c6cb5d0498011df installed
dbus-1:1.10.24-12.el7.x86_64 1541175603 595210 0e7061cc90fda4f111245bee037271e4 installed
pth-2.0.7-23.el7.x86_64 1448007112 267851 2d6939b73767d0f96b02677bcbeef2e2 installed
rpm-build-libs-4.11.3-35.el7.x86_64 1540927634 166776 aba616fc3d1a25cfc77eb27db8610457 installed
redhat-rpm-config-9.1.0-87.el7.centos.noarch 1540894300 174572 fa59b48b92a6e9b34c9fad064eafb839 installed
glibc-headers-2.17-260.el7.x86_64 1540887661 2338328 c55c690d1be6d9ecb62a4ce8ef2b91ca installed
gcc-4.8.5-36.el7.x86_64 1540882963 39247133 fe456ad658f984586983c56f4a24f341 installed
rpm-build-4.11.3-35.el7.x86_64 1540927634 328409 d2e83d31fc34e6cfb1c8ff7948254716 installed
epel-release-7-11.noarch 1506966358 24834 049a2f5109a5050367cc4a8ae8f62c33 installed
which-2.20-7.el7.x86_64 1402367122 76962 5b0eff1739daa46a80e9908f39167c29 installed
libjpeg-turbo-1.2.90-6.el7.x86_64 1540919734 350499 34514802e4fea3e664d8beacd7ac6b4d installed
libtiff-4.0.3-27.el7_3.x86_64 1485951841 494377 8555f1bc1831d96717174589ae1922ec installed
libpng-2:1.5.13-7.el7_2.x86_64 1449678680 616101 f474205e2ea2073937a95b3c55741e46 installed
python-pillow-2.0.0-19.gitd1c6db8.el7.x86_64 1447989840 1582476 b32c7230fb8bd8dac836e7fcbcef665e installed
nethserver-devtools-1.2.1-1.ns7.noarch 1510311333 48414 9e3ed235011c9c5a6d274319d4215018 installed
libgcc-4.8.5-36.el7.x86_64 1540882963 179328 96274f04f5bda49af612ee45d8d964c6 installed
python-rpm-macros-3-22.el7.noarch 1532612480 4223 338c47f1252fca6a11aa0ae7f3eefefc installed
ncurses-base-5.9-14.20130511.el7_4.noarch 1504735709 223432 c955fdfe1f8f20b1053a34918e44bd58 installed
bash-4.2.46-31.el7.x86_64 1540919373 3667773 ed4d986a9753c79474e6ab726f40d864 installed
nss-softokn-freebl-3.36.0-5.el7_5.x86_64 1526428610 565628 cf0360bbf0396334bb569646bbec25d3 installed
glibc-common-2.17-260.el7.x86_64 1540887661 120323585 e82bbe15f40e1fd720b8e62619e71b1b installed
filesystem-3.2-25.el7.x86_64 1523422829 0 93e1c91a2dbd4d3ac61fb70a40a7c228 installed
glibc-2.17-260.el7.x86_64 1540887661 14084080 3d70a1b704188434ff357adc2fe03856 installed
nspr-4.19.0-1.el7_5.x86_64 1526464024 287728 06e8af105f3a5832065a90c5eb12c064 installed
libstdc++-4.8.5-36.el7.x86_64 1540882963 1077442 9012d4414e5017937f3b58c73731b054 installed
info-5.1-5.el7.x86_64 1523408616 494630 e1f75e40cf956ed3efe7b49c5f6939ec installed
popt-1.13-16.el7.x86_64 1402373003 88516 87f5d6bac8f205fb14e2072e4b47ce23 installed
libacl-2.2.51-14.el7.x86_64 1523407284 37056 c3243d728de0ad95e0c05230e6463bdd installed
libffi-3.0.13-18.el7.x86_64 1478363428 47766 f05f7a3749342b925fa10ca7de2f0116 installed
libcom_err-1.42.9-13.el7.x86_64 1540926351 60489 d50ec3dda8af48a865da2d9754fa21bd installed
pcre-8.32-17.el7.x86_64 1501643292 1475532 04a1926cc29eef0f79f8183eb7907024 installed
sed-4.2.2-5.el7.x86_64 1402362115 601208 4d696dbd3061493258490f40c625adba installed
p11-kit-0.23.5-3.el7.x86_64 1501889820 1337825 9a0f49ca3b6d58aeb05780003cae38f1 installed
libtasn1-4.10-1.el7.x86_64 1501633297 424486 5bd1b0b4094fac08713f986572a8625e installed
ca-certificates-2018.2.22-70.0.el7_5.noarch 1526445368 973960 a95373fc5273e7c757a240316d4430b9 installed
krb5-libs-1.15.1-34.el7.x86_64 1541175328 2098089 6fc57ad48a3d5f2ddc6234942679fc90 installed
coreutils-8.22-23.el7.x86_64 1540927140 14588674 904a2aeeeaa0d833a0dff696c89bd7f3 installed
bzip2-libs-1.0.6-13.el7.x86_64 1447995892 70093 0486f0b02e0caa4195761266798e7a26 installed
elfutils-libelf-0.172-2.el7.x86_64 1540928198 913443 383dff055bd0bc27b026d1359974e00e installed
readline-6.2-10.el7.x86_64 1501663464 460464 b552128087365a58b3566631c678752f installed
libgcrypt-1.5.3-14.el7.x86_64 1501689307 597727 88c64dc7c3aed6a156e4dee5def38300 installed
gzip-1.5-10.el7.x86_64 1523404878 250440 adcb4df7dfe7866e38b5bf42d54d63ae installed
libuuid-2.23.2-59.el7.x86_64 1540939734 20326 71fa9d535bbf86cd9dabb2ef6d6f37ae installed
libmount-2.23.2-59.el7.x86_64 1540939734 278173 c513d12f33c07d836ce3ef13e8eba980 installed
cracklib-2.9.0-11.el7.x86_64 1402378933 209610 a973d883d6785904e49266428bb3ed90 installed
binutils-2.27-34.base.el7.x86_64 1540893347 25150000 b9772c7ef8848f4b5372fa8f52222a6a installed
cpio-2.11-27.el7.x86_64 1523404312 689335 32498692f82296d51663586f08cebafc installed
file-libs-5.11-35.el7.x86_64 1540923383 3076831 3037fd1f781186bcb0fb919b2aa78f54 installed
libcap-ng-0.7.5-4.el7.x86_64 1448001510 50510 84efa5ca78408f78e606e7c8d1816759 installed
cracklib-dicts-2.9.0-11.el7.x86_64 1402378933 9389116 da657b0facf181893f9a38437092dbbf installed
pam-1.1.8-22.el7.x86_64 1523416935 2630324 dce355546c72f1425dc04fd64c9bc664 installed
nss-softokn-3.36.0-5.el7_5.x86_64 1526428610 1130670 7b8391d5b6843722982a616a8542d58f installed
nss-3.36.0-7.el7_5.x86_64 1537991665 2424993 aead60d750112396fc5381c7c6152863 installed
tar-2:1.26-35.el7.x86_64 1540931349 2838510 28f3087e5b512d8cc05e3a8a65727686 installed
gdbm-1.10-8.el7.x86_64 1402349948 184322 770bd49f3898dc1cc831fb9ec12d569a installed
gdb-7.6.1-114.el7.x86_64 1540930613 7371507 1d085bb4c7273a51db58d47b35ab95b4 installed
file-5.11-35.el7.x86_64 1540923383 67448 d993604425647d31a529f678397db7a4 installed
libassuan-2.1.0-3.el7.x86_64 1402341240 155391 c4c94aadc9da58f576b4ef238d0136cb installed
cyrus-sasl-lib-2.1.26-23.el7.x86_64 1523420459 396911 6d06f1337b143c25bc7358255d433006 installed
libxml2-2.9.1-6.el7_2.3.x86_64 1466692601 1710062 e439b8934c4e9576eccfbc60d3cd714f installed
shared-mime-info-1.8-4.el7.x86_64 1523407023 2379317 167b39408a8c5705f135e968174e2229 installed
kmod-libs-20-23.el7.x86_64 1540940571 91848 8e1fe13756e455026ef91936cf555599 installed
bzip2-1.0.6-13.el7.x86_64 1447995892 83791 704f597825711270b0ba2af51bebecae installed
libssh2-1.4.3-12.el7.x86_64 1540923359 341886 8629b98c219f01a14e71d0d8bd57965d installed
perl-parent-1:0.225-244.el7.noarch 1402384520 8141 d902f1a3426caa19ccbccf09263c54f6 installed
perl-podlators-2.5.1-3.el7.noarch 1402343776 287679 8e070dd716e3adf3c297291accaa4348 installed
perl-Text-ParseWords-3.29-4.el7.noarch 1402348486 16431 58a96328cb0e6dd435d15af542467a38 installed
perl-Pod-Escapes-1:1.04-293.el7.noarch 1540926204 21091 b24a24dd669fbf063fd2e4d3515004bb installed
perl-libs-4:5.16.3-293.el7.x86_64 1540926204 1647376 929a1080ce6ae0ff01f2b50ad2352623 installed
perl-Socket-2.010-4.el7.x86_64 1478359491 114497 5cda40abac38b41918352e9c75a1e651 installed
perl-threads-1.87-4.el7.x86_64 1402377734 98615 29739d2f766c8bd85e85de9f8ccb7367 installed
perl-Carp-1.26-244.el7.noarch 1402362759 28276 0f9ffc1d8836311235869048667422e9 installed
perl-Exporter-5.68-3.el7.noarch 1402373350 56612 d6e7deb74b149e4b7aa23a998a127bb4 installed
perl-Time-Local-1.2300-2.el7.noarch 1402342290 44062 8dba0f2d49849dc3990cfc9e91d5ec6b installed
perl-File-Temp-0.23.01-3.el7.noarch 1402383789 158781 396b0a1af3a203e1cb33c98814d5a6d8 installed
perl-Pod-Simple-1:3.28-4.el7.noarch 1402365613 538320 8e5edeb936a154537062b776eb41cb7d installed
perl-Scalar-List-Utils-1.27-248.el7.x86_64 1402358220 67994 2fb261c150fc06b1a978809c5a9c706e installed
perl-4:5.16.3-293.el7.x86_64 1540926204 23552029 24d2d2b268da1d9226cea1b4df38091f installed
patch-2.7.1-10.el7_5.x86_64 1525871017 215449 3c1cd445c2a45f19b9bb46c19a4a943c installed
libgomp-4.8.5-36.el7.x86_64 1540882963 212184 8d4c12058a41a31f5442e8e1d4412b9d installed
libcurl-7.29.0-51.el7.x86_64 1541351590 435192 998abd47ebced6ef98be2020cafcf569 installed
rpm-libs-4.11.3-35.el7.x86_64 1540927634 611536 2ac2673a85c45699ccf2e5d1a4eb2c4c installed
openldap-2.4.44-20.el7.x86_64 1540941314 1037379 090acda36d5f5009d28d3dd4d0699d96 installed
pinentry-0.8.1-17.el7.x86_64 1478360967 159929 740fabe008451f11fee22ff086fb13d3 installed
libsmartcols-2.23.2-59.el7.x86_64 1540939734 164608 7610ea5954b653ea569cc4e187f613db installed
libsemanage-2.5-14.el7.x86_64 1540943073 302329 95dadf0074c4bbd2d63b0c6d5e6922fa installed
libutempter-1.1.6-4.el7.x86_64 1402365826 49749 8e28747e6a84b84af7d78c84cd8cd5e8 installed
hardlink-1:1.0-19.el7.x86_64 1402381564 16545 3a1bcd8e12bbdbced75d74b5919a039a installed
util-linux-2.23.2-59.el7.x86_64 1540939734 8447471 6768a3c060a549635213eb4f9e32f08e installed
device-mapper-7:1.02.149-10.el7_6.2.x86_64 1542644386 339894 5eb6e307966dcaa2ea266204777ae9b8 installed
device-mapper-libs-7:1.02.149-10.el7_6.2.x86_64 1542644386 400599 8931414fb42f72a5512898d6b8ffe2a1 installed
dracut-033-554.el7.x86_64 1541180454 903230 57e8bd40745c0cba95d9c3f65acb2205 installed
elfutils-libs-0.172-2.el7.x86_64 1540928198 793087 8d24c886e0655d29240085a75a5d7047 installed
dbus-libs-1:1.10.24-12.el7.x86_64 1541175603 362560 76ed3fc760940227749d71884cfcaa33 installed
elfutils-default-yama-scope-0.172-2.el7.noarch 1540928198 1810 5f2326e3ab4ee0002a6de12404aa1668 installed
elfutils-0.172-2.el7.x86_64 1540928198 811817 b405152d92211d83d371d791d702b883 installed
gnupg2-2.0.22-5.el7_5.x86_64 1531487214 6637796 a293dfefd6596bfe5c54ba68377e334e installed
perl-srpm-macros-1-8.el7.noarch 1402343091 794 6bd0791a143b53addc95cbeb050859c8 installed
kernel-headers-3.10.0-957.1.3.el7.x86_64 1543504772 3822794 79e4df0673bde281c1a8c3662cb37a66 installed
glibc-devel-2.17-260.el7.x86_64 1540887661 1066078 9a09117d96a076011d8247e6e53d677e installed
gcc-c++-4.8.5-36.el7.x86_64 1540882963 17286195 b4a06568603451e07f55ca0c281e0cd6 installed
python-2.7.5-76.el7.x86_64 1540944789 80907 9882effd17f2a65048dc45ed140ba617 installed
epel-rpm-macros-7-19.noarch 1529079369 20384 b70b29c37169dc743575714b0e29389a installed
make-1:3.82-23.el7.x86_64 1478384149 1160684 9e5ab17428b36e59a9d071c1fd1c81de installed
jbigkit-libs-2.0-11.el7.x86_64 1402392685 105882 1ed20c50fdc4614601403474e8240db8 installed
libwebp-0.3.0-7.el7.x86_64 1501678575 379925 ad6a2d08431f924c1be0ff32e5623b8f installed
freetype-2.8-12.el7.x86_64 1540924176 824497 1323f97f2a8fe78f98336f3369874cd9 installed
python-docutils-0.11-0.3.20130715svn7687.el7.noarch 1523410278 6126606 3ced417e80b552f84e090b312cbb2dbb installed
